<?xml version="1.0" encoding="UTF-8"?>
<!-- Generated by org.testng.reporters.JUnitReportReporter -->
<testsuite hostname="DESKTOP-CO7VJ0G" failures="0" tests="3" name="StepDefinitions.TestAssure" time="7.406" errors="0" timestamp="2022-02-21T13:52:10 IST" skipped="0">
  <testcase classname="StepDefinitions.TestAssure" name="validate_response_received" time="0.471"/>
  <system-out/>
  <testcase classname="StepDefinitions.TestAssure" name="user_is_on_api" time="0.004"/>
  <system-out/>
  <testcase classname="StepDefinitions.TestAssure" name="passing_values_from_get_method" time="6.931"/>
  <system-out/>
</testsuite> <!-- StepDefinitions.TestAssure -->
