<?xml version="1.0" encoding="UTF-8"?>
<!-- Generated by org.testng.reporters.JUnitReportReporter -->
<testsuite hostname="DESKTOP-CO7VJ0G" failures="0" tests="1" name="Test_Logging" time="5.021" errors="0" timestamp="2022-02-20T16:05:13 IST" skipped="0">
  <testcase classname="Test_Logging" name="login" time="5.021"/>
  <system-out/>
</testsuite> <!-- Test_Logging -->
