<?xml version="1.0" encoding="UTF-8"?>
<!-- Generated by org.testng.reporters.JUnitReportReporter -->
<testsuite hostname="DESKTOP-CO7VJ0G" failures="0" tests="1" name="Test_Negative1" time="5.545" errors="0" timestamp="2022-02-18T11:21:44 IST" skipped="0">
  <testcase classname="Test_Negative1" name="login" time="5.545"/>
  <system-out/>
</testsuite> <!-- Test_Negative1 -->
