<?xml version="1.0" encoding="UTF-8"?>
<!-- Generated by org.testng.reporters.JUnitReportReporter -->
<testsuite hostname="DESKTOP-CO7VJ0G" failures="0" tests="2" name="Negative_Validation" time="5.720" errors="0" timestamp="2022-02-18T12:24:31 IST" skipped="0">
  <testcase classname="Negative_Validation" name="ValidateResponseStatus1" time="4.539"/>
  <system-out/>
  <testcase classname="Negative_Validation" name="ValidateResponseStatus2" time="1.181"/>
  <system-out/>
</testsuite> <!-- Negative_Validation -->
